<?xml version="1.0" encoding="UTF-8"?>
<!-- Generated by org.testng.reporters.JUnitReportReporter -->
<testsuite hostname="DESKTOP-M3731IF" name="Practice.Appium_Framework.KA_TC01" tests="3" failures="0" timestamp="11 Sep 2020 11:12:34 GMT" time="70.098" errors="0">
  <testcase name="signIn" time="34.924" classname="Practice.Appium_Framework.KA_TC01"/>
  <testcase name="assertName" time="8.839" classname="Practice.Appium_Framework.KA_TC01"/>
  <testcase name="openApp" time="26.335" classname="Practice.Appium_Framework.KA_TC01"/>
</testsuite> <!-- Practice.Appium_Framework.KA_TC01 -->
