<?xml version="1.0" encoding="UTF-8"?>
<!-- Generated by org.testng.reporters.JUnitReportReporter -->
<testsuite hostname="DESKTOP-M3731IF" name="Practice.Appium_Framework.KAcademy01" tests="3" failures="0" timestamp="7 Sep 2020 19:08:15 GMT" time="46.415" errors="0">
  <testcase name="assertName" time="9.067" classname="Practice.Appium_Framework.KAcademy01"/>
  <testcase name="signIn" time="22.146" classname="Practice.Appium_Framework.KAcademy01"/>
  <testcase name="openApp" time="15.202" classname="Practice.Appium_Framework.KAcademy01"/>
</testsuite> <!-- Practice.Appium_Framework.KAcademy01 -->
