<?xml version="1.0" encoding="UTF-8"?>
<!-- Generated by org.testng.reporters.JUnitReportReporter -->
<testsuite hostname="DESKTOP-M3731IF" name="Practice.Appium_Framework.KA_TC03" tests="1" failures="0" timestamp="11 Sep 2020 11:12:34 GMT" time="61.861" errors="0">
  <testcase name="playvideo" time="61.861" classname="Practice.Appium_Framework.KA_TC03"/>
</testsuite> <!-- Practice.Appium_Framework.KA_TC03 -->
